<?xml version="1.0" encoding="UTF-8"?>
<!-- Generated by org.testng.reporters.JUnitReportReporter -->
<testsuite hostname="RU1109169494" name="com.example.tests.ContactCreationTests" tests="2" failures="0" timestamp="22 Oct 2015 06:13:17 GMT" time="2.953" errors="0">
  <testcase name="testContactWithEmptyDataCanBeCreated" time="1.558" classname="com.example.tests.ContactCreationTests"/>
  <testcase name="testValidGroupCanBeCreated" time="1.395" classname="com.example.tests.ContactCreationTests"/>
</testsuite> <!-- com.example.tests.ContactCreationTests -->
